"C:/Users/user/Documents/Unreal Projects/PieContract/Content/Import/A2-0001_PaniQ00086400.uasset" 0
"C:/Users/user/Documents/Unreal Projects/PieContract/Content/Import/A2-0001_PaniQ00086400.uexp" 1
"C:/Users/user/Documents/Unreal Projects/PieContract/Content/Import/A2-0001_PaniQ00086400.ubulk" 2
"C:/Users/user/Documents/Unreal Projects/PieContract/Content/PieContractLS.uasset" 3
"C:/Users/user/Documents/Unreal Projects/PieContract/Content/PieContractLS.uexp" 4
"C:/Users/user/Documents/Unreal Projects/PieContract/Content/FPWeapon/Materials/MaterialLayers/T_ML_FineRubber.uasset" 5
"C:/Users/user/Documents/Unreal Projects/PieContract/Content/FPWeapon/Materials/MaterialLayers/T_ML_FineRubber.uexp" 6
"C:/Users/user/Documents/Unreal Projects/PieContract/Content/FPWeapon/Materials/MaterialLayers/T_ML_FineRubber.ubulk" 7
"C:/Users/user/Documents/Unreal Projects/PieContract/Content/Geometry/Meshes/CubeMaterial.uasset" 8
"C:/Users/user/Documents/Unreal Projects/PieContract/Content/Geometry/Meshes/CubeMaterial.uexp" 9
"C:/Users/user/Documents/Unreal Projects/PieContract/Content/Geometry/Meshes/1M_Cube.uasset" 10
"C:/Users/user/Documents/Unreal Projects/PieContract/Content/Geometry/Meshes/1M_Cube.uexp" 11
"C:/Users/user/Documents/Unreal Projects/PieContract/Content/Geometry/Meshes/1M_Cube.ubulk" 12
"C:/Users/user/Documents/Unreal Projects/PieContract/Content/Geometry/Meshes/1M_Cube_Chamfer.uasset" 13
"C:/Users/user/Documents/Unreal Projects/PieContract/Content/Geometry/Meshes/1M_Cube_Chamfer.uexp" 14
"C:/Users/user/Documents/Unreal Projects/PieContract/Content/Geometry/Meshes/1M_Cube_Chamfer.ubulk" 15
"C:/Users/user/Documents/Unreal Projects/PieContract/Content/Geometry/Meshes/TemplateFloor.uasset" 16
"C:/Users/user/Documents/Unreal Projects/PieContract/Content/Geometry/Meshes/TemplateFloor.uexp" 17
"C:/Users/user/Documents/Unreal Projects/PieContract/Content/Geometry/Meshes/TemplateFloor.ubulk" 18
"C:/Users/user/Documents/Unreal Projects/PieContract/Content/VRSpectator/RT_VRSpectator.uasset" 19
"C:/Users/user/Documents/Unreal Projects/PieContract/Content/VRSpectator/RT_VRSpectator.uexp" 20
"../../../Engine/Content/EditorResources/MatineeCam_D.uasset" 21
"../../../Engine/Content/EditorResources/MatineeCam_D.uexp" 22
"../../../Engine/Content/EditorMaterials/MatineeCam_mat.uasset" 23
"../../../Engine/Content/EditorMaterials/MatineeCam_mat.uexp" 24
"../../../Engine/Content/EditorMeshes/MatineeCam_SM.uasset" 25
"../../../Engine/Content/EditorMeshes/MatineeCam_SM.uexp" 26
"../../../Engine/Content/EditorMeshes/MatineeCam_SM.ubulk" 27
"../../../Engine/Content/EditorBlueprintResources/StandardMacros.uasset" 28
"../../../Engine/Content/EditorBlueprintResources/StandardMacros.uexp" 29
"C:/Users/user/Documents/Unreal Projects/PieContract/Content/VRSpectator/VRSpectator.uasset" 30
"C:/Users/user/Documents/Unreal Projects/PieContract/Content/VRSpectator/VRSpectator.uexp" 31
"C:/Users/user/Documents/Unreal Projects/PieContract/Content/VRTemplate/Audio/Fire01.uasset" 32
"C:/Users/user/Documents/Unreal Projects/PieContract/Content/VRTemplate/Audio/Fire01.uexp" 33
"C:/Users/user/Documents/Unreal Projects/PieContract/Content/VRTemplate/Audio/Fire01.ubulk" 34
"C:/Users/user/Documents/Unreal Projects/PieContract/Content/VRTemplate/Audio/Fire_Cue.uasset" 35
"C:/Users/user/Documents/Unreal Projects/PieContract/Content/VRTemplate/Audio/Fire_Cue.uexp" 36
"C:/Users/user/Documents/Unreal Projects/PieContract/Content/VRTemplate/Blueprints/VRInteractionBPI.uasset" 37
"C:/Users/user/Documents/Unreal Projects/PieContract/Content/VRTemplate/Blueprints/VRInteractionBPI.uexp" 38
"C:/Users/user/Documents/Unreal Projects/PieContract/Content/VRTemplate/Haptics/GrabHapticEffect.uasset" 39
"C:/Users/user/Documents/Unreal Projects/PieContract/Content/VRTemplate/Haptics/GrabHapticEffect.uexp" 40
"C:/Users/user/Documents/Unreal Projects/PieContract/Content/VRTemplate/Blueprints/GrabType.uasset" 41
"C:/Users/user/Documents/Unreal Projects/PieContract/Content/VRTemplate/Blueprints/GrabType.uexp" 42
"C:/Users/user/Documents/Unreal Projects/PieContract/Content/VRTemplate/Blueprints/GrabComponent.uasset" 43
"C:/Users/user/Documents/Unreal Projects/PieContract/Content/VRTemplate/Blueprints/GrabComponent.uexp" 44
"../../../Engine/Content/VREditor/BasicMeshes/T_CleanFloorGrunge_01_D.uasset" 45
"../../../Engine/Content/VREditor/BasicMeshes/T_CleanFloorGrunge_01_D.uexp" 46
"../../../Engine/Content/VREditor/BasicMeshes/T_CleanFloorGrunge_01_D.ubulk" 47
"../../../Engine/Content/VREditor/BasicMeshes/M_Floor_01.uasset" 48
"../../../Engine/Content/VREditor/BasicMeshes/M_Floor_01.uexp" 49
"../../../Engine/Content/VREditor/BasicMeshes/MI_Cube_01.uasset" 50
"../../../Engine/Content/VREditor/BasicMeshes/MI_Cube_01.uexp" 51
"../../../Engine/Content/VREditor/BasicMeshes/SM_Cube_01.uasset" 52
"../../../Engine/Content/VREditor/BasicMeshes/SM_Cube_01.uexp" 53
"../../../Engine/Content/VREditor/BasicMeshes/SM_Cube_01.ubulk" 54
"C:/Users/user/Documents/Unreal Projects/PieContract/Content/VRTemplate/Blueprints/Grabbable_SmallCube.uasset" 55
"C:/Users/user/Documents/Unreal Projects/PieContract/Content/VRTemplate/Blueprints/Grabbable_SmallCube.uexp" 56
"C:/Users/user/Documents/Unreal Projects/PieContract/Content/VRTemplate/Haptics/PistolFireHapticEffect.uasset" 57
"C:/Users/user/Documents/Unreal Projects/PieContract/Content/VRTemplate/Haptics/PistolFireHapticEffect.uexp" 58
"C:/Users/user/Documents/Unreal Projects/PieContract/Content/FPWeapon/Materials/MaterialLayers/ML_Plastic_Shiny_Beige.uasset" 59
"C:/Users/user/Documents/Unreal Projects/PieContract/Content/FPWeapon/Materials/MaterialLayers/ML_Plastic_Shiny_Beige.uexp" 60
"C:/Users/user/Documents/Unreal Projects/PieContract/Content/FPWeapon/Materials/MaterialLayers/T_ML_Rubber_Blue_01_D.uasset" 61
"C:/Users/user/Documents/Unreal Projects/PieContract/Content/FPWeapon/Materials/MaterialLayers/T_ML_Rubber_Blue_01_D.uexp" 62
"C:/Users/user/Documents/Unreal Projects/PieContract/Content/FPWeapon/Materials/MaterialLayers/T_ML_Rubber_Blue_01_D.ubulk" 63
"C:/Users/user/Documents/Unreal Projects/PieContract/Content/FPWeapon/Materials/MaterialLayers/T_ML_Rubber_Blue_01_N.uasset" 64
"C:/Users/user/Documents/Unreal Projects/PieContract/Content/FPWeapon/Materials/MaterialLayers/T_ML_Rubber_Blue_01_N.uexp" 65
"C:/Users/user/Documents/Unreal Projects/PieContract/Content/FPWeapon/Materials/MaterialLayers/T_ML_Rubber_Blue_01_N.ubulk" 66
"C:/Users/user/Documents/Unreal Projects/PieContract/Content/FPWeapon/Materials/MaterialLayers/ML_GlossyBlack_Latex_UE4.uasset" 67
"C:/Users/user/Documents/Unreal Projects/PieContract/Content/FPWeapon/Materials/MaterialLayers/ML_GlossyBlack_Latex_UE4.uexp" 68
"../../../Engine/Content/Functions/MaterialLayerFunctions/MatLayerBlend_Simple.uasset" 69
"../../../Engine/Content/Functions/MaterialLayerFunctions/MatLayerBlend_Simple.uexp" 70
"../../../Engine/Content/Functions/Engine_MaterialFunctions02/Utility/BlendAngleCorrectedNormals.uasset" 71
"../../../Engine/Content/Functions/Engine_MaterialFunctions02/Utility/BlendAngleCorrectedNormals.uexp" 72
"../../../Engine/Content/Functions/MaterialLayerFunctions/MatLayerBlend_NormalBlend.uasset" 73
"../../../Engine/Content/Functions/MaterialLayerFunctions/MatLayerBlend_NormalBlend.uexp" 74
"C:/Users/user/Documents/Unreal Projects/PieContract/Content/FPWeapon/Materials/MaterialLayers/ML_Screen.uasset" 75
"C:/Users/user/Documents/Unreal Projects/PieContract/Content/FPWeapon/Materials/MaterialLayers/ML_Screen.uexp" 76
"C:/Users/user/Documents/Unreal Projects/PieContract/Content/FPWeapon/Materials/MaterialLayers/T_ML_Aluminum01.uasset" 77
"C:/Users/user/Documents/Unreal Projects/PieContract/Content/FPWeapon/Materials/MaterialLayers/T_ML_Aluminum01.uexp" 78
"C:/Users/user/Documents/Unreal Projects/PieContract/Content/FPWeapon/Materials/MaterialLayers/T_ML_Aluminum01.ubulk" 79
"C:/Users/user/Documents/Unreal Projects/PieContract/Content/FPWeapon/Materials/MaterialLayers/T_ML_Aluminum01_N.uasset" 80
"C:/Users/user/Documents/Unreal Projects/PieContract/Content/FPWeapon/Materials/MaterialLayers/T_ML_Aluminum01_N.uexp" 81
"C:/Users/user/Documents/Unreal Projects/PieContract/Content/FPWeapon/Materials/MaterialLayers/T_ML_Aluminum01_N.ubulk" 82
"C:/Users/user/Documents/Unreal Projects/PieContract/Content/FPWeapon/Materials/MaterialLayers/ML_SoftMetal_UE4.uasset" 83
"C:/Users/user/Documents/Unreal Projects/PieContract/Content/FPWeapon/Materials/MaterialLayers/ML_SoftMetal_UE4.uexp" 84
"C:/Users/user/Documents/Unreal Projects/PieContract/Content/FPWeapon/Textures/T_FPGun_M.uasset" 85
"C:/Users/user/Documents/Unreal Projects/PieContract/Content/FPWeapon/Textures/T_FPGun_M.uexp" 86
"C:/Users/user/Documents/Unreal Projects/PieContract/Content/FPWeapon/Textures/T_FPGun_M.ubulk" 87
"C:/Users/user/Documents/Unreal Projects/PieContract/Content/FPWeapon/Textures/T_FPGun_N.uasset" 88
"C:/Users/user/Documents/Unreal Projects/PieContract/Content/FPWeapon/Textures/T_FPGun_N.uexp" 89
"C:/Users/user/Documents/Unreal Projects/PieContract/Content/FPWeapon/Textures/T_FPGun_N.ubulk" 90
"C:/Users/user/Documents/Unreal Projects/PieContract/Content/FPWeapon/Materials/M_FPGun.uasset" 91
"C:/Users/user/Documents/Unreal Projects/PieContract/Content/FPWeapon/Materials/M_FPGun.uexp" 92
"C:/Users/user/Documents/Unreal Projects/PieContract/Content/FPWeapon/Mesh/SK_FPGun_Physics.uasset" 93
"C:/Users/user/Documents/Unreal Projects/PieContract/Content/FPWeapon/Mesh/SK_FPGun_Physics.uexp" 94
"C:/Users/user/Documents/Unreal Projects/PieContract/Content/FPWeapon/Mesh/SK_FPGun_Skeleton.uasset" 95
"C:/Users/user/Documents/Unreal Projects/PieContract/Content/FPWeapon/Mesh/SK_FPGun_Skeleton.uexp" 96
"C:/Users/user/Documents/Unreal Projects/PieContract/Content/FPWeapon/Mesh/SK_FPGun.uasset" 97
"C:/Users/user/Documents/Unreal Projects/PieContract/Content/FPWeapon/Mesh/SK_FPGun.uexp" 98
"../../../Engine/Content/Functions/Engine_MaterialFunctions01/Opacity/CameraDepthFade.uasset" 99
"../../../Engine/Content/Functions/Engine_MaterialFunctions01/Opacity/CameraDepthFade.uexp" 100
"../../../Engine/Content/EngineMaterials/T_Default_Material_Grid_M.uasset" 101
"../../../Engine/Content/EngineMaterials/T_Default_Material_Grid_M.uexp" 102
"../../../Engine/Content/EngineMaterials/T_Default_Material_Grid_M.ubulk" 103
"../../../Engine/Content/EngineMaterials/T_Default_Material_Grid_N.uasset" 104
"../../../Engine/Content/EngineMaterials/T_Default_Material_Grid_N.uexp" 105
"../../../Engine/Content/EngineMaterials/T_Default_Material_Grid_N.ubulk" 106
"../../../Engine/Content/EngineMaterials/DefaultMaterial.uasset" 107
"../../../Engine/Content/EngineMaterials/DefaultMaterial.uexp" 108
"../../../Engine/Content/BasicShapes/Sphere.uasset" 109
"../../../Engine/Content/BasicShapes/Sphere.uexp" 110
"../../../Engine/Content/BasicShapes/Sphere.ubulk" 111
"C:/Users/user/Documents/Unreal Projects/PieContract/Content/VRTemplate/Materials/M_Projectile.uasset" 112
"C:/Users/user/Documents/Unreal Projects/PieContract/Content/VRTemplate/Materials/M_Projectile.uexp" 113
"C:/Users/user/Documents/Unreal Projects/PieContract/Content/VRTemplate/Materials/MI_Projectile.uasset" 114
"C:/Users/user/Documents/Unreal Projects/PieContract/Content/VRTemplate/Materials/MI_Projectile.uexp" 115
"C:/Users/user/Documents/Unreal Projects/PieContract/Content/VRTemplate/Blueprints/Projectile.uasset" 116
"C:/Users/user/Documents/Unreal Projects/PieContract/Content/VRTemplate/Blueprints/Projectile.uexp" 117
"C:/Users/user/Documents/Unreal Projects/PieContract/Content/VRTemplate/Blueprints/Pistol.uasset" 118
"C:/Users/user/Documents/Unreal Projects/PieContract/Content/VRTemplate/Blueprints/Pistol.uexp" 119
"../../../Engine/Content/EngineMaterials/DefaultDiffuse.uasset" 120
"../../../Engine/Content/EngineMaterials/DefaultDiffuse.uexp" 121
"../../../Engine/Content/EngineMaterials/DefaultDiffuse.ubulk" 122
"../../../Engine/Content/Functions/Engine_MaterialFunctions01/Gradient/LinearGradient.uasset" 123
"../../../Engine/Content/Functions/Engine_MaterialFunctions01/Gradient/LinearGradient.uexp" 124
"../../../Engine/Content/Functions/Engine_MaterialFunctions01/ImageAdjustment/CheapContrast.uasset" 125
"../../../Engine/Content/Functions/Engine_MaterialFunctions01/ImageAdjustment/CheapContrast.uexp" 126
"../../../Engine/Content/Functions/Engine_MaterialFunctions01/Texturing/WorldAlignedTexture.uasset" 127
"../../../Engine/Content/Functions/Engine_MaterialFunctions01/Texturing/WorldAlignedTexture.uexp" 128
"C:/Users/user/Documents/Unreal Projects/PieContract/Content/VRTemplate/Textures/T_Grid.uasset" 129
"C:/Users/user/Documents/Unreal Projects/PieContract/Content/VRTemplate/Textures/T_Grid.uexp" 130
"C:/Users/user/Documents/Unreal Projects/PieContract/Content/VRTemplate/Textures/T_Grid.ubulk" 131
"../../../Engine/Content/Functions/Engine_MaterialFunctions02/Utility/AppendMany.uasset" 132
"../../../Engine/Content/Functions/Engine_MaterialFunctions02/Utility/AppendMany.uexp" 133
"../../../Engine/Content/Functions/Engine_MaterialFunctions02/Utility/MakeFloat3.uasset" 134
"../../../Engine/Content/Functions/Engine_MaterialFunctions02/Utility/MakeFloat3.uexp" 135
"C:/Users/user/Documents/Unreal Projects/PieContract/Content/VRTemplate/Materials/M_GridRotation.uasset" 136
"C:/Users/user/Documents/Unreal Projects/PieContract/Content/VRTemplate/Materials/M_GridRotation.uexp" 137
"C:/Users/user/Documents/Unreal Projects/PieContract/Content/VRTemplate/Materials/MI_Grid_Accent.uasset" 138
"C:/Users/user/Documents/Unreal Projects/PieContract/Content/VRTemplate/Materials/MI_Grid_Accent.uexp" 139
"C:/Users/user/Documents/Unreal Projects/PieContract/Content/VRTemplate/Materials/MI_Grid_Default.uasset" 140
"C:/Users/user/Documents/Unreal Projects/PieContract/Content/VRTemplate/Materials/MI_Grid_Default.uexp" 141
"C:/Users/user/Documents/Unreal Projects/PieContract/Content/VRTemplate/Materials/Functions/MF_LightmassReplace.uasset" 142
"C:/Users/user/Documents/Unreal Projects/PieContract/Content/VRTemplate/Materials/Functions/MF_LightmassReplace.uexp" 143
"../../../Engine/Content/EngineMaterials/WorldGridMaterial.uasset" 144
"../../../Engine/Content/EngineMaterials/WorldGridMaterial.uexp" 145
"../../../Engine/Content/ArtTools/RenderToTexture/Meshes/S_1_Unit_Plane.uasset" 146
"../../../Engine/Content/ArtTools/RenderToTexture/Meshes/S_1_Unit_Plane.uexp" 147
"../../../Engine/Content/ArtTools/RenderToTexture/Meshes/S_1_Unit_Plane.ubulk" 148
"../../../Engine/Content/BasicShapes/Cone.uasset" 149
"../../../Engine/Content/BasicShapes/Cone.uexp" 150
"../../../Engine/Content/BasicShapes/Cone.ubulk" 151
"../../../Engine/Content/BasicShapes/Cube.uasset" 152
"../../../Engine/Content/BasicShapes/Cube.uexp" 153
"../../../Engine/Content/BasicShapes/Cube.ubulk" 154
"../../../Engine/Content/BasicShapes/Plane.uasset" 155
"../../../Engine/Content/BasicShapes/Plane.uexp" 156
"../../../Engine/Content/BasicShapes/Plane.ubulk" 157
"../../../Engine/Content/EditorLandscapeResources/DataLayer.uasset" 158
"../../../Engine/Content/EditorLandscapeResources/DataLayer.uexp" 159
"../../../Engine/Content/EditorLandscapeResources/DefaultAlphaTexture.uasset" 160
"../../../Engine/Content/EditorLandscapeResources/DefaultAlphaTexture.uexp" 161
"../../../Engine/Content/EditorMaterials/MAT_Groups_Toggle.uasset" 162
"../../../Engine/Content/EditorMaterials/MAT_Groups_Toggle.uexp" 163
"../../../Engine/Content/EditorMaterials/MAT_Groups_Visibility.uasset" 164
"../../../Engine/Content/EditorMaterials/MAT_Groups_Visibility.uexp" 165
"../../../Engine/Content/EditorMaterials/PreviewShadowIndicator.uasset" 166
"../../../Engine/Content/EditorMaterials/PreviewShadowIndicator.uexp" 167
"../../../Engine/Content/EditorMaterials/PreviewShadowIndicator.ubulk" 168
"../../../Engine/Content/EditorMaterials/PreviewShadowIndicatorMaterial.uasset" 169
"../../../Engine/Content/EditorMaterials/PreviewShadowIndicatorMaterial.uexp" 170
"../../../Engine/Content/EditorMaterials/MatineeGroups/MAT_ColorTrack.uasset" 171
"../../../Engine/Content/EditorMaterials/MatineeGroups/MAT_ColorTrack.uexp" 172
"../../../Engine/Content/EditorMaterials/MatineeGroups/MAT_Groups_Anim.uasset" 173
"../../../Engine/Content/EditorMaterials/MatineeGroups/MAT_Groups_Anim.uexp" 174
"../../../Engine/Content/EditorMaterials/MatineeGroups/MAT_Groups_AudioMaster.uasset" 175
"../../../Engine/Content/EditorMaterials/MatineeGroups/MAT_Groups_AudioMaster.uexp" 176
"../../../Engine/Content/EditorMaterials/MatineeGroups/MAT_Groups_Director.uasset" 177
"../../../Engine/Content/EditorMaterials/MatineeGroups/MAT_Groups_Director.uexp" 178
"../../../Engine/Content/EditorMaterials/MatineeGroups/MAT_Groups_Event.uasset" 179
"../../../Engine/Content/EditorMaterials/MatineeGroups/MAT_Groups_Event.uexp" 180
"../../../Engine/Content/EditorMaterials/MatineeGroups/MAT_Groups_Fade.uasset" 181
"../../../Engine/Content/EditorMaterials/MatineeGroups/MAT_Groups_Fade.uexp" 182
"../../../Engine/Content/EditorMaterials/MatineeGroups/MAT_Groups_Float.uasset" 183
"../../../Engine/Content/EditorMaterials/MatineeGroups/MAT_Groups_Float.uexp" 184
"../../../Engine/Content/EditorMaterials/MatineeGroups/MAT_Groups_Move.uasset" 185
"../../../Engine/Content/EditorMaterials/MatineeGroups/MAT_Groups_Move.uexp" 186
"../../../Engine/Content/EditorMaterials/MatineeGroups/MAT_Groups_Slomo.uasset" 187
"../../../Engine/Content/EditorMaterials/MatineeGroups/MAT_Groups_Slomo.uexp" 188
"../../../Engine/Content/EditorMaterials/MatineeGroups/MAT_Groups_Sound.uasset" 189
"../../../Engine/Content/EditorMaterials/MatineeGroups/MAT_Groups_Sound.uexp" 190
"../../../Engine/Content/EditorMaterials/MatineeGroups/MAT_Groups_Vector.uasset" 191
"../../../Engine/Content/EditorMaterials/MatineeGroups/MAT_Groups_Vector.uexp" 192
"../../../Engine/Content/EditorMaterials/ParticleSystems/PSysThumbnail_NoImage.uasset" 193
"../../../Engine/Content/EditorMaterials/ParticleSystems/PSysThumbnail_NoImage.uexp" 194
"../../../Engine/Content/EditorMaterials/ParticleSystems/PSysThumbnail_NoImage.ubulk" 195
"../../../Engine/Content/EditorMaterials/ParticleSystems/PSysThumbnail_OOD.uasset" 196
"../../../Engine/Content/EditorMaterials/ParticleSystems/PSysThumbnail_OOD.uexp" 197
"../../../Engine/Content/EditorMaterials/ParticleSystems/PSysThumbnail_OOD.ubulk" 198
"../../../Engine/Content/Functions/Engine_MaterialFunctions02/Utility/MakeFloat4.uasset" 199
"../../../Engine/Content/Functions/Engine_MaterialFunctions02/Utility/MakeFloat4.uexp" 200
"../../../Engine/Content/Functions/Engine_MaterialFunctions02/Utility/BreakOutFloat3Components.uasset" 201
"../../../Engine/Content/Functions/Engine_MaterialFunctions02/Utility/BreakOutFloat3Components.uexp" 202
"../../../Engine/Content/EditorMaterials/WorldPartition/WorldPartitionSpatialHashGridPreviewMaterial.uasset" 203
"../../../Engine/Content/EditorMaterials/WorldPartition/WorldPartitionSpatialHashGridPreviewMaterial.uexp" 204
"../../../Engine/Content/EditorMaterials/Camera/CineMat.uasset" 205
"../../../Engine/Content/EditorMaterials/Camera/CineMat.uexp" 206
"../../../Engine/Content/EditorMaterials/Camera/MI_CineMat_Rig.uasset" 207
"../../../Engine/Content/EditorMaterials/Camera/MI_CineMat_Rig.uexp" 208
"../../../Engine/Content/EditorMeshes/Camera/SM_CraneRig_Arm.uasset" 209
"../../../Engine/Content/EditorMeshes/Camera/SM_CraneRig_Arm.uexp" 210
"../../../Engine/Content/EditorMeshes/Camera/SM_CraneRig_Arm.ubulk" 211
"../../../Engine/Content/EditorMeshes/Camera/SM_CraneRig_Base.uasset" 212
"../../../Engine/Content/EditorMeshes/Camera/SM_CraneRig_Base.uexp" 213
"../../../Engine/Content/EditorMeshes/Camera/SM_CraneRig_Base.ubulk" 214
"../../../Engine/Content/EditorMeshes/Camera/SM_CraneRig_Body.uasset" 215
"../../../Engine/Content/EditorMeshes/Camera/SM_CraneRig_Body.uexp" 216
"../../../Engine/Content/EditorMeshes/Camera/SM_CraneRig_Body.ubulk" 217
"../../../Engine/Content/EditorMeshes/Camera/SM_CraneRig_Mount.uasset" 218
"../../../Engine/Content/EditorMeshes/Camera/SM_CraneRig_Mount.uexp" 219
"../../../Engine/Content/EditorMeshes/Camera/SM_CraneRig_Mount.ubulk" 220
"../../../Engine/Content/EditorMeshes/Camera/SM_RailRig_Mount.uasset" 221
"../../../Engine/Content/EditorMeshes/Camera/SM_RailRig_Mount.uexp" 222
"../../../Engine/Content/EditorMeshes/Camera/SM_RailRig_Mount.ubulk" 223
"../../../Engine/Content/EditorMeshes/Camera/SM_RailRig_Track.uasset" 224
"../../../Engine/Content/EditorMeshes/Camera/SM_RailRig_Track.uexp" 225
"../../../Engine/Content/EditorMeshes/Camera/SM_RailRig_Track.ubulk" 226
"../../../Engine/Content/EditorResources/BSPVertex.uasset" 227
"../../../Engine/Content/EditorResources/BSPVertex.uexp" 228
"../../../Engine/Content/EditorResources/EmptyActor.uasset" 229
"../../../Engine/Content/EditorResources/EmptyActor.uexp" 230
"../../../Engine/Content/EditorResources/S_Actor.uasset" 231
"../../../Engine/Content/EditorResources/S_Actor.uexp" 232
"../../../Engine/Content/EditorResources/S_Actor.ubulk" 233
"../../../Engine/Content/EditorResources/S_BoxReflectionCapture.uasset" 234
"../../../Engine/Content/EditorResources/S_BoxReflectionCapture.uexp" 235
"../../../Engine/Content/EditorResources/S_Note.uasset" 236
"../../../Engine/Content/EditorResources/S_Note.uexp" 237
"../../../Engine/Content/EditorResources/S_Solver.uasset" 238
"../../../Engine/Content/EditorResources/S_Solver.uexp" 239
"../../../Engine/Content/EditorResources/S_Solver.ubulk" 240
"../../../Engine/Content/EditorResources/S_Terrain.uasset" 241
"../../../Engine/Content/EditorResources/S_Terrain.uexp" 242
"../../../Engine/Content/EditorResources/S_Terrain.ubulk" 243
"../../../Engine/Content/EditorResources/S_Trigger.uasset" 244
"../../../Engine/Content/EditorResources/S_Trigger.uexp" 245
"../../../Engine/Content/EditorResources/S_Trigger.ubulk" 246
"../../../Engine/Content/EditorResources/S_TriggerBox.uasset" 247
"../../../Engine/Content/EditorResources/S_TriggerBox.uexp" 248
"../../../Engine/Content/EditorResources/S_TriggerCapsule.uasset" 249
"../../../Engine/Content/EditorResources/S_TriggerCapsule.uexp" 250
"../../../Engine/Content/EditorResources/S_TriggerSphere.uasset" 251
"../../../Engine/Content/EditorResources/S_TriggerSphere.uexp" 252
"../../../Engine/Content/EditorResources/LightIcons/S_LightError.uasset" 253
"../../../Engine/Content/EditorResources/LightIcons/S_LightError.uexp" 254
"../../../Engine/Content/EditorResources/SequenceRecorder/Countdown.uasset" 255
"../../../Engine/Content/EditorResources/SequenceRecorder/Countdown.uexp" 256
"../../../Engine/Content/EditorResources/SequenceRecorder/RecordingIndicator.uasset" 257
"../../../Engine/Content/EditorResources/SequenceRecorder/RecordingIndicator.uexp" 258
"../../../Engine/Content/EngineDamageTypes/DmgTypeBP_Environmental.uasset" 259
"../../../Engine/Content/EngineDamageTypes/DmgTypeBP_Environmental.uexp" 260
"../../../Engine/Content/EngineDebugMaterials/DebugEditorMaterial.uasset" 261
"../../../Engine/Content/EngineDebugMaterials/DebugEditorMaterial.uexp" 262
"../../../Engine/Content/EngineDebugMaterials/DebugMeshMaterial.uasset" 263
"../../../Engine/Content/EngineDebugMaterials/DebugMeshMaterial.uexp" 264
"../../../Engine/Content/EngineDebugMaterials/M_SimpleUnlitTranslucent.uasset" 265
"../../../Engine/Content/EngineDebugMaterials/M_SimpleUnlitTranslucent.uexp" 266
"../../../Engine/Content/EngineDebugMaterials/VolumeToRender.uasset" 267
"../../../Engine/Content/EngineDebugMaterials/VolumeToRender.uexp" 268
"../../../Engine/Content/Functions/Engine_MaterialFunctions02/Utility/CameraDirectionVector.uasset" 269
"../../../Engine/Content/Functions/Engine_MaterialFunctions02/Utility/CameraDirectionVector.uexp" 270
"../../../Engine/Content/EngineDebugMaterials/M_VolumeRenderSphereTracePP.uasset" 271
"../../../Engine/Content/EngineDebugMaterials/M_VolumeRenderSphereTracePP.uexp" 272
"../../../Engine/Content/Functions/Engine_MaterialFunctions01/Shading/ConvertFromDiffSpec.uasset" 273
"../../../Engine/Content/Functions/Engine_MaterialFunctions01/Shading/ConvertFromDiffSpec.uexp" 274
"../../../Engine/Content/EngineDebugMaterials/VertexColorMaterial.uasset" 275
"../../../Engine/Content/EngineDebugMaterials/VertexColorMaterial.uexp" 276
"../../../Engine/Content/EngineDebugMaterials/WireframeMaterial.uasset" 277
"../../../Engine/Content/EngineDebugMaterials/WireframeMaterial.uexp" 278
"../../../Engine/Content/EngineFonts/Faces/RobotoLight.uasset" 279
"../../../Engine/Content/EngineFonts/Faces/RobotoLight.uexp" 280
"../../../Engine/Content/EngineFonts/Faces/RobotoLight.ufont" 281
"../../../Engine/Content/EngineFonts/Faces/RobotoRegular.uasset" 282
"../../../Engine/Content/EngineFonts/Faces/RobotoRegular.uexp" 283
"../../../Engine/Content/EngineFonts/Faces/RobotoRegular.ufont" 284
"../../../Engine/Content/EngineFonts/Faces/RobotoItalic.uasset" 285
"../../../Engine/Content/EngineFonts/Faces/RobotoItalic.uexp" 286
"../../../Engine/Content/EngineFonts/Faces/RobotoItalic.ufont" 287
"../../../Engine/Content/EngineFonts/Faces/DroidSansFallback.uasset" 288
"../../../Engine/Content/EngineFonts/Faces/DroidSansFallback.uexp" 289
"../../../Engine/Content/EngineFonts/Faces/DroidSansFallback.ufont" 290
"../../../Engine/Content/EngineFonts/Faces/RobotoBoldItalic.uasset" 291
"../../../Engine/Content/EngineFonts/Faces/RobotoBoldItalic.uexp" 292
"../../../Engine/Content/EngineFonts/Faces/RobotoBoldItalic.ufont" 293
"../../../Engine/Content/EngineFonts/Faces/RobotoBold.uasset" 294
"../../../Engine/Content/EngineFonts/Faces/RobotoBold.uexp" 295
"../../../Engine/Content/EngineFonts/Faces/RobotoBold.ufont" 296
"../../../Engine/Content/EngineFonts/Roboto.uasset" 297
"../../../Engine/Content/EngineFonts/Roboto.uexp" 298
"../../../Engine/Content/EngineMaterials/BaseFlattenDiffuseMap.uasset" 299
"../../../Engine/Content/EngineMaterials/BaseFlattenDiffuseMap.uexp" 300
"../../../Engine/Content/EngineMaterials/BaseFlattenEmissiveMap.uasset" 301
"../../../Engine/Content/EngineMaterials/BaseFlattenEmissiveMap.uexp" 302
"../../../Engine/Content/EngineMaterials/BaseFlattenGrayscaleMap.uasset" 303
"../../../Engine/Content/EngineMaterials/BaseFlattenGrayscaleMap.uexp" 304
"../../../Engine/Content/EngineMaterials/BaseFlattenNormalMap.uasset" 305
"../../../Engine/Content/EngineMaterials/BaseFlattenNormalMap.uexp" 306
"../../../Engine/Content/EngineMaterials/BaseFlattenMaterial.uasset" 307
"../../../Engine/Content/EngineMaterials/BaseFlattenMaterial.uexp" 308
"../../../Engine/Content/EngineMaterials/BaseFlattenDiffuseMap_VT.uasset" 309
"../../../Engine/Content/EngineMaterials/BaseFlattenDiffuseMap_VT.uexp" 310
"../../../Engine/Content/EngineMaterials/BaseFlattenEmissiveMap_VT.uasset" 311
"../../../Engine/Content/EngineMaterials/BaseFlattenEmissiveMap_VT.uexp" 312
"../../../Engine/Content/EngineMaterials/BaseFlattenGrayscaleMap_VT.uasset" 313
"../../../Engine/Content/EngineMaterials/BaseFlattenGrayscaleMap_VT.uexp" 314
"../../../Engine/Content/EngineMaterials/BaseFlattenNormalMap_VT.uasset" 315
"../../../Engine/Content/EngineMaterials/BaseFlattenNormalMap_VT.uexp" 316
"../../../Engine/Content/EngineMaterials/BaseFlattenMaterial_VT.uasset" 317
"../../../Engine/Content/EngineMaterials/BaseFlattenMaterial_VT.uexp" 318
"../../../Engine/Content/EngineMaterials/BlueNoise.uasset" 319
"../../../Engine/Content/EngineMaterials/BlueNoise.uexp" 320
"../../../Engine/Content/EngineMaterials/DefaultBloomKernel.uasset" 321
"../../../Engine/Content/EngineMaterials/DefaultBloomKernel.uexp" 322
"../../../Engine/Content/EngineMaterials/DefaultBokeh.uasset" 323
"../../../Engine/Content/EngineMaterials/DefaultBokeh.uexp" 324
"../../../Engine/Content/EngineMaterials/DefaultDeferredDecalMaterial.uasset" 325
"../../../Engine/Content/EngineMaterials/DefaultDeferredDecalMaterial.uexp" 326
"../../../Engine/Content/EngineMaterials/DefaultLightFunctionMaterial.uasset" 327
"../../../Engine/Content/EngineMaterials/DefaultLightFunctionMaterial.uexp" 328
"../../../Engine/Content/EngineMaterials/DefaultPhysicalMaterial.uasset" 329
"../../../Engine/Content/EngineMaterials/DefaultPhysicalMaterial.uexp" 330
"../../../Engine/Content/Functions/Engine_MaterialFunctions02/Utility/BreakOutFloat2Components.uasset" 331
"../../../Engine/Content/Functions/Engine_MaterialFunctions02/Utility/BreakOutFloat2Components.uexp" 332
"../../../Engine/Content/EngineMaterials/DefaultPostProcessMaterial.uasset" 333
"../../../Engine/Content/EngineMaterials/DefaultPostProcessMaterial.uexp" 334
"../../../Engine/Content/EngineFonts/RobotoDistanceField.uasset" 335
"../../../Engine/Content/EngineFonts/RobotoDistanceField.uexp" 336
"../../../Engine/Content/EngineMaterials/DefaultTextMaterialOpaque.uasset" 337
"../../../Engine/Content/EngineMaterials/DefaultTextMaterialOpaque.uexp" 338
"../../../Engine/Content/EngineMaterials/DefaultWhiteGrid.uasset" 339
"../../../Engine/Content/EngineMaterials/DefaultWhiteGrid.uexp" 340
"../../../Engine/Content/EngineMaterials/DefaultWhiteGrid.ubulk" 341
"../../../Engine/Content/EngineMaterials/DefaultWhiteGrid_Low.uasset" 342
"../../../Engine/Content/EngineMaterials/DefaultWhiteGrid_Low.uexp" 343
"../../../Engine/Content/EngineMaterials/EmissiveMeshMaterial.uasset" 344
"../../../Engine/Content/EngineMaterials/EmissiveMeshMaterial.uexp" 345
"../../../Engine/Content/EngineMaterials/GizmoMaterial.uasset" 346
"../../../Engine/Content/EngineMaterials/GizmoMaterial.uexp" 347
"../../../Engine/Content/EngineMaterials/MiniFont.uasset" 348
"../../../Engine/Content/EngineMaterials/MiniFont.uexp" 349
"../../../Engine/Content/EngineMaterials/InvalidLightmapSettings.uasset" 350
"../../../Engine/Content/EngineMaterials/InvalidLightmapSettings.uexp" 351
"../../../Engine/Content/EngineMaterials/InvalidLightmapSettings.ubulk" 352
"../../../Engine/Content/EngineMaterials/M_InvalidLightmapSettings.uasset" 353
"../../../Engine/Content/EngineMaterials/M_InvalidLightmapSettings.uexp" 354
"../../../Engine/Content/Functions/Engine_MaterialFunctions02/WorldPositionOffset/CameraOffset.uasset" 355
"../../../Engine/Content/Functions/Engine_MaterialFunctions02/WorldPositionOffset/CameraOffset.uexp" 356
"../../../Engine/Content/EngineMaterials/PhAT_JointLimitMaterial.uasset" 357
"../../../Engine/Content/EngineMaterials/PhAT_JointLimitMaterial.uexp" 358
"../../../Engine/Content/EngineMaterials/PreintegratedSkinBRDF.uasset" 359
"../../../Engine/Content/EngineMaterials/PreintegratedSkinBRDF.uexp" 360
"../../../Engine/Content/EngineMaterials/RemoveSurfaceMaterial.uasset" 361
"../../../Engine/Content/EngineMaterials/RemoveSurfaceMaterial.uexp" 362
"../../../Engine/Content/EngineMaterials/WeightMapPlaceholderTexture.uasset" 363
"../../../Engine/Content/EngineMaterials/WeightMapPlaceholderTexture.uexp" 364
"../../../Engine/Content/EngineResources/WhiteSquareTexture.uasset" 365
"../../../Engine/Content/EngineResources/WhiteSquareTexture.uexp" 366
"../../../Engine/Content/EngineMaterials/Widget3DPassThrough.uasset" 367
"../../../Engine/Content/EngineMaterials/Widget3DPassThrough.uexp" 368
"../../../Engine/Content/EngineMaterials/Widget3DPassThrough_Masked.uasset" 369
"../../../Engine/Content/EngineMaterials/Widget3DPassThrough_Masked.uexp" 370
"../../../Engine/Content/EngineMaterials/Widget3DPassThrough_Opaque.uasset" 371
"../../../Engine/Content/EngineMaterials/Widget3DPassThrough_Opaque.uexp" 372
"../../../Engine/Content/EngineMaterials/Widget3DPassThrough_Masked_OneSided.uasset" 373
"../../../Engine/Content/EngineMaterials/Widget3DPassThrough_Masked_OneSided.uexp" 374
"../../../Engine/Content/EngineMaterials/Widget3DPassThrough_Opaque_OneSided.uasset" 375
"../../../Engine/Content/EngineMaterials/Widget3DPassThrough_Opaque_OneSided.uexp" 376
"../../../Engine/Content/EngineMaterials/Widget3DPassThrough_Translucent.uasset" 377
"../../../Engine/Content/EngineMaterials/Widget3DPassThrough_Translucent.uexp" 378
"../../../Engine/Content/EngineMaterials/Widget3DPassThrough_Translucent_OneSided.uasset" 379
"../../../Engine/Content/EngineMaterials/Widget3DPassThrough_Translucent_OneSided.uexp" 380
"../../../Engine/Content/EngineMeshes/Sphere.uasset" 381
"../../../Engine/Content/EngineMeshes/Sphere.uexp" 382
"../../../Engine/Content/EngineMeshes/Sphere.ubulk" 383
"../../../Engine/Content/EngineResources/Black.uasset" 384
"../../../Engine/Content/EngineResources/Black.uexp" 385
"../../../Engine/Content/EngineResources/DefaultTextureCube.uasset" 386
"../../../Engine/Content/EngineResources/DefaultTextureCube.uexp" 387
"../../../Engine/Content/EngineResources/DefaultVolumeTexture2D.uasset" 388
"../../../Engine/Content/EngineResources/DefaultVolumeTexture2D.uexp" 389
"../../../Engine/Content/EngineResources/DefaultVolumeTexture.uasset" 390
"../../../Engine/Content/EngineResources/DefaultVolumeTexture.uexp" 391
"../../../Engine/Content/EngineResources/GradientTexture0.uasset" 392
"../../../Engine/Content/EngineResources/GradientTexture0.uexp" 393
"../../../Engine/Content/EngineSky/VolumetricClouds/T_NoiseShape64.uasset" 394
"../../../Engine/Content/EngineSky/VolumetricClouds/T_NoiseShape64.uexp" 395
"../../../Engine/Content/EngineSky/VolumetricClouds/T_NoiseShape64.ubulk" 396
"../../../Engine/Content/EngineSky/VolumetricClouds/T_VolumeNoiseShape64.uasset" 397
"../../../Engine/Content/EngineSky/VolumetricClouds/T_VolumeNoiseShape64.uexp" 398
"../../../Engine/Content/EngineSky/VolumetricClouds/CloudGradientTexture.uasset" 399
"../../../Engine/Content/EngineSky/VolumetricClouds/CloudGradientTexture.uexp" 400
"../../../Engine/Content/EngineSky/VolumetricClouds/CloudWeatherTexture.uasset" 401
"../../../Engine/Content/EngineSky/VolumetricClouds/CloudWeatherTexture.uexp" 402
"../../../Engine/Content/Functions/Engine_MaterialFunctions02/Utility/MakeFloat2.uasset" 403
"../../../Engine/Content/Functions/Engine_MaterialFunctions02/Utility/MakeFloat2.uexp" 404
"../../../Engine/Content/EngineSky/VolumetricClouds/T_NoiseErosion.uasset" 405
"../../../Engine/Content/EngineSky/VolumetricClouds/T_NoiseErosion.uexp" 406
"../../../Engine/Content/EngineSky/VolumetricClouds/T_NoiseErosion.ubulk" 407
"../../../Engine/Content/EngineSky/VolumetricClouds/T_VolumeNoiseErosion32.uasset" 408
"../../../Engine/Content/EngineSky/VolumetricClouds/T_VolumeNoiseErosion32.uexp" 409
"../../../Engine/Content/EngineSky/VolumetricClouds/m_SimpleVolumetricCloud.uasset" 410
"../../../Engine/Content/EngineSky/VolumetricClouds/m_SimpleVolumetricCloud.uexp" 411
"../../../Engine/Content/EngineSky/VolumetricClouds/m_SimpleVolumetricCloud_Inst.uasset" 412
"../../../Engine/Content/EngineSky/VolumetricClouds/m_SimpleVolumetricCloud_Inst.uexp" 413
"../../../Engine/Content/EngineSounds/Master.uasset" 414
"../../../Engine/Content/EngineSounds/Master.uexp" 415
"../../../Engine/Content/Functions/Engine_MaterialFunctions01/Shading/PowerToRoughness.uasset" 416
"../../../Engine/Content/Functions/Engine_MaterialFunctions01/Shading/PowerToRoughness.uexp" 417
"../../../Engine/Content/Maps/Templates/Thumbnails/Default.uasset" 418
"../../../Engine/Content/Maps/Templates/Thumbnails/Default.uexp" 419
"../../../Engine/Content/Maps/Templates/Thumbnails/TimeOfDay.uasset" 420
"../../../Engine/Content/Maps/Templates/Thumbnails/TimeOfDay.uexp" 421
"../../../Engine/Content/Maps/Templates/Thumbnails/VR-Basic.uasset" 422
"../../../Engine/Content/Maps/Templates/Thumbnails/VR-Basic.uexp" 423
"../../../Engine/Content/MobileResources/T_MobileControls_texture.uasset" 424
"../../../Engine/Content/MobileResources/T_MobileControls_texture.uexp" 425
"../../../Engine/Content/MobileResources/T_MobileMenu2.uasset" 426
"../../../Engine/Content/MobileResources/T_MobileMenu2.uexp" 427
"../../../Engine/Content/MobileResources/HUD/AnalogHat.uasset" 428
"../../../Engine/Content/MobileResources/HUD/AnalogHat.uexp" 429
"../../../Engine/Content/MobileResources/HUD/VirtualJoystick_Background.uasset" 430
"../../../Engine/Content/MobileResources/HUD/VirtualJoystick_Background.uexp" 431
"../../../Engine/Content/MobileResources/HUD/VirtualJoystick_Thumb.uasset" 432
"../../../Engine/Content/MobileResources/HUD/VirtualJoystick_Thumb.uexp" 433
"../../../Engine/Content/MobileResources/HUD/DefaultVirtualJoysticks.uasset" 434
"../../../Engine/Content/MobileResources/HUD/DefaultVirtualJoysticks.uexp" 435
"../../../Engine/Content/MobileResources/HUD/LeftVirtualJoystickOnly.uasset" 436
"../../../Engine/Content/MobileResources/HUD/LeftVirtualJoystickOnly.uexp" 437
"../../../Engine/Content/MobileResources/HUD/MobileHUDButton1_off.uasset" 438
"../../../Engine/Content/MobileResources/HUD/MobileHUDButton1_off.uexp" 439
"../../../Engine/Content/MobileResources/HUD/MobileHUDButton1_on.uasset" 440
"../../../Engine/Content/MobileResources/HUD/MobileHUDButton1_on.uexp" 441
"../../../Engine/Content/MobileResources/HUD/MobileHUDButton2_off.uasset" 442
"../../../Engine/Content/MobileResources/HUD/MobileHUDButton2_off.uexp" 443
"../../../Engine/Content/MobileResources/HUD/MobileHUDButton2_on.uasset" 444
"../../../Engine/Content/MobileResources/HUD/MobileHUDButton2_on.uexp" 445
"../../../Engine/Content/MobileResources/HUD/MobileHUDButton3.uasset" 446
"../../../Engine/Content/MobileResources/HUD/MobileHUDButton3.uexp" 447
"../../../Engine/Content/MobileResources/HUD/MobileHUDButtonFire.uasset" 448
"../../../Engine/Content/MobileResources/HUD/MobileHUDButtonFire.uexp" 449
"../../../Engine/Content/MobileResources/HUD/MobileHUDDirectionPad.uasset" 450
"../../../Engine/Content/MobileResources/HUD/MobileHUDDirectionPad.uexp" 451
"../../../Engine/Content/MobileResources/HUD/MobileHUDDirectionPad2.uasset" 452
"../../../Engine/Content/MobileResources/HUD/MobileHUDDirectionPad2.uexp" 453
"../../../Engine/Content/MobileResources/HUD/MobileHUDDirectionPad3.uasset" 454
"../../../Engine/Content/MobileResources/HUD/MobileHUDDirectionPad3.uexp" 455
"../../../Engine/Content/MobileResources/HUD/MobileHUDDirectionStick.uasset" 456
"../../../Engine/Content/MobileResources/HUD/MobileHUDDirectionStick.uexp" 457
"../../../Engine/Content/MobileResources/HUD/T_Castle_ThumbstickInner.uasset" 458
"../../../Engine/Content/MobileResources/HUD/T_Castle_ThumbstickInner.uexp" 459
"../../../Engine/Content/MobileResources/HUD/T_Castle_ThumbstickOutter.uasset" 460
"../../../Engine/Content/MobileResources/HUD/T_Castle_ThumbstickOutter.uexp" 461
"../../../Engine/Content/Tutorial/ContentIntroCurve.uasset" 462
"../../../Engine/Content/Tutorial/ContentIntroCurve.uexp" 463
"../../../Engine/Content/VREditor/LaserPointer/VR_LaserPower_01.uasset" 464
"../../../Engine/Content/VREditor/LaserPointer/VR_LaserPower_01.uexp" 465
"../../../Engine/Content/VREditor/LaserPointer/VR_LaserPower_01.ubulk" 466
"../../../Engine/Content/VREditor/TransformGizmo/TransformGizmoMaterial.uasset" 467
"../../../Engine/Content/VREditor/TransformGizmo/TransformGizmoMaterial.uexp" 468
"../../../Engine/Content/VREditor/TransformGizmo/TranslucentTransformGizmoMaterial.uasset" 469
"../../../Engine/Content/VREditor/TransformGizmo/TranslucentTransformGizmoMaterial.uexp" 470
"../../../Engine/Content/VREditor/TransformGizmo/BoundingBoxCorner.uasset" 471
"../../../Engine/Content/VREditor/TransformGizmo/BoundingBoxCorner.uexp" 472
"../../../Engine/Content/VREditor/TransformGizmo/BoundingBoxCorner.ubulk" 473
"../../../Engine/Content/VREditor/TransformGizmo/BoundingBoxEdge.uasset" 474
"../../../Engine/Content/VREditor/TransformGizmo/BoundingBoxEdge.uexp" 475
"../../../Engine/Content/VREditor/TransformGizmo/BoundingBoxEdge.ubulk" 476
"../../../Engine/Content/VREditor/TransformGizmo/PlaneTranslationHandle.uasset" 477
"../../../Engine/Content/VREditor/TransformGizmo/PlaneTranslationHandle.uexp" 478
"../../../Engine/Content/VREditor/TransformGizmo/PlaneTranslationHandle.ubulk" 479
"../../../Engine/Content/VREditor/TransformGizmo/Main.uasset" 480
"../../../Engine/Content/VREditor/TransformGizmo/Main.uexp" 481
"../../../Engine/Content/VREditor/TransformGizmo/Xray.uasset" 482
"../../../Engine/Content/VREditor/TransformGizmo/Xray.uexp" 483
"../../../Engine/Content/VREditor/TransformGizmo/SM_Sequencer_Key.uasset" 484
"../../../Engine/Content/VREditor/TransformGizmo/SM_Sequencer_Key.uexp" 485
"../../../Engine/Content/VREditor/TransformGizmo/SM_Sequencer_Key.ubulk" 486
"../../../Engine/Content/VREditor/TransformGizmo/SM_Sequencer_Node.uasset" 487
"../../../Engine/Content/VREditor/TransformGizmo/SM_Sequencer_Node.uexp" 488
"../../../Engine/Content/VREditor/TransformGizmo/SM_Sequencer_Node.ubulk" 489
"../../../Engine/Plugins/2D/Paper2D/Content/PlaceholderTextures/DummySpriteTexture.uasset" 490
"../../../Engine/Plugins/2D/Paper2D/Content/PlaceholderTextures/DummySpriteTexture.uexp" 491
"../../../Engine/Plugins/2D/Paper2D/Content/PlaceholderTextures/DummySpriteTexture.ubulk" 492
"../../../Engine/Plugins/2D/Paper2D/Content/DummySprite.uasset" 493
"../../../Engine/Plugins/2D/Paper2D/Content/DummySprite.uexp" 494
"../../../Engine/Plugins/2D/Paper2D/Content/DefaultPaperTerrainMaterial.uasset" 495
"../../../Engine/Plugins/2D/Paper2D/Content/DefaultPaperTerrainMaterial.uexp" 496
"../../../Engine/Plugins/2D/Paper2D/Content/DefaultSpriteMaterial.uasset" 497
"../../../Engine/Plugins/2D/Paper2D/Content/DefaultSpriteMaterial.uexp" 498
"../../../Engine/Plugins/2D/Paper2D/Content/MaskedUnlitSpriteMaterial.uasset" 499
"../../../Engine/Plugins/2D/Paper2D/Content/MaskedUnlitSpriteMaterial.uexp" 500
"../../../Engine/Plugins/2D/Paper2D/Content/OpaqueUnlitSpriteMaterial.uasset" 501
"../../../Engine/Plugins/2D/Paper2D/Content/OpaqueUnlitSpriteMaterial.uexp" 502
"../../../Engine/Content/ArtTools/RenderToTexture/Materials/Debug/M_Emissive_Color.uasset" 503
"../../../Engine/Content/ArtTools/RenderToTexture/Materials/Debug/M_Emissive_Color.uexp" 504
"../../../Engine/Content/BasicShapes/Cylinder.uasset" 505
"../../../Engine/Content/BasicShapes/Cylinder.uexp" 506
"../../../Engine/Content/BasicShapes/Cylinder.ubulk" 507
"../../../Engine/Plugins/Lumin/MagicLeapPassableWorld/Content/MagicLeapARPinInfoActor.uasset" 508
"../../../Engine/Plugins/Lumin/MagicLeapPassableWorld/Content/MagicLeapARPinInfoActor.uexp" 509
"../../../Engine/Plugins/Editor/SpeedTreeImporter/Content/SpeedTree9/game_wind_noise.uasset" 510
"../../../Engine/Plugins/Editor/SpeedTreeImporter/Content/SpeedTree9/game_wind_noise.uexp" 511
"../../../Engine/Plugins/Editor/SpeedTreeImporter/Content/SpeedTree9/game_wind_noise.ubulk" 512
"../../../Engine/Plugins/Editor/SpeedTreeImporter/Content/SpeedTree9/SpeedTreeBillboard.uasset" 513
"../../../Engine/Plugins/Editor/SpeedTreeImporter/Content/SpeedTree9/SpeedTreeBillboard.uexp" 514
"../../../Engine/Plugins/Editor/SpeedTreeImporter/Content/SpeedTree9/UnpackInteger3.uasset" 515
"../../../Engine/Plugins/Editor/SpeedTreeImporter/Content/SpeedTree9/UnpackInteger3.uexp" 516
"../../../Engine/Content/Functions/Engine_MaterialFunctions02/ObjectLocalBounds.uasset" 517
"../../../Engine/Content/Functions/Engine_MaterialFunctions02/ObjectLocalBounds.uexp" 518
"../../../Engine/Content/Functions/Engine_MaterialFunctions02/SafeNormalize.uasset" 519
"../../../Engine/Content/Functions/Engine_MaterialFunctions02/SafeNormalize.uexp" 520
"../../../Engine/Content/EngineResources/DefaultTexture.uasset" 521
"../../../Engine/Content/EngineResources/DefaultTexture.uexp" 522
"../../../Engine/Content/EngineResources/DefaultTexture.ubulk" 523
"../../../Engine/Content/Functions/Engine_MaterialFunctions02/UVs/BoundingBoxBased_0-1_UVW.uasset" 524
"../../../Engine/Content/Functions/Engine_MaterialFunctions02/UVs/BoundingBoxBased_0-1_UVW.uexp" 525
"../../../Engine/Plugins/Editor/SpeedTreeImporter/Content/SpeedTree9/UnpackDirection.uasset" 526
"../../../Engine/Plugins/Editor/SpeedTreeImporter/Content/SpeedTree9/UnpackDirection.uexp" 527
"../../../Engine/Plugins/Editor/SpeedTreeImporter/Content/SpeedTree9/SpeedTreeWindMotion.uasset" 528
"../../../Engine/Plugins/Editor/SpeedTreeImporter/Content/SpeedTree9/SpeedTreeWindMotion.uexp" 529
"../../../Engine/Plugins/Editor/SpeedTreeImporter/Content/SpeedTree9/SpeedTreeBranchMotion.uasset" 530
"../../../Engine/Plugins/Editor/SpeedTreeImporter/Content/SpeedTree9/SpeedTreeBranchMotion.uexp" 531
"../../../Engine/Plugins/Editor/SpeedTreeImporter/Content/SpeedTree9/SpeedTreeWind.uasset" 532
"../../../Engine/Plugins/Editor/SpeedTreeImporter/Content/SpeedTree9/SpeedTreeWind.uexp" 533
"../../../Engine/Plugins/Editor/SpeedTreeImporter/Content/SpeedTree9/SpeedTreeBillboardMaster.uasset" 534
"../../../Engine/Plugins/Editor/SpeedTreeImporter/Content/SpeedTree9/SpeedTreeBillboardMaster.uexp" 535
"../../../Engine/Plugins/Editor/SpeedTreeImporter/Content/SpeedTree9/SpeedTreeCameraFacing.uasset" 536
"../../../Engine/Plugins/Editor/SpeedTreeImporter/Content/SpeedTree9/SpeedTreeCameraFacing.uexp" 537
"../../../Engine/Plugins/Editor/SpeedTreeImporter/Content/SpeedTree9/SpeedTreeMaster.uasset" 538
"../../../Engine/Plugins/Editor/SpeedTreeImporter/Content/SpeedTree9/SpeedTreeMaster.uexp" 539
"../../../Engine/Plugins/Runtime/HairStrands/Content/Materials/HairCardsDefaultMaterial.uasset" 540
"../../../Engine/Plugins/Runtime/HairStrands/Content/Materials/HairCardsDefaultMaterial.uexp" 541
"../../../Engine/Content/EngineMaterials/HairColorMap.uasset" 542
"../../../Engine/Content/EngineMaterials/HairColorMap.uexp" 543
"../../../Engine/Content/EngineMaterials/HairDebugColor.uasset" 544
"../../../Engine/Content/EngineMaterials/HairDebugColor.uexp" 545
"../../../Engine/Plugins/Runtime/HairStrands/Content/Materials/HairDebugMaterial.uasset" 546
"../../../Engine/Plugins/Runtime/HairStrands/Content/Materials/HairDebugMaterial.uexp" 547
"../../../Engine/Plugins/Runtime/HairStrands/Content/Materials/HairDefaultMaterial.uasset" 548
"../../../Engine/Plugins/Runtime/HairStrands/Content/Materials/HairDefaultMaterial.uexp" 549
"../../../Engine/Plugins/Runtime/HairStrands/Content/Materials/HairMeshesDefaultMaterial.uasset" 550
"../../../Engine/Plugins/Runtime/HairStrands/Content/Materials/HairMeshesDefaultMaterial.uexp" 551
"../../../Engine/Content/Functions/Engine_MaterialFunctions02/Utility/BreakOutFloat4Components.uasset" 552
"../../../Engine/Content/Functions/Engine_MaterialFunctions02/Utility/BreakOutFloat4Components.uexp" 553
"../../../Engine/Plugins/Runtime/Oculus/OculusVR/Content/Materials/OculusMR_ChromaKey.uasset" 554
"../../../Engine/Plugins/Runtime/Oculus/OculusVR/Content/Materials/OculusMR_ChromaKey.uexp" 555
"../../../Engine/Plugins/Runtime/Oculus/OculusVR/Content/Materials/OculusMR_OpaqueColoredMaterial.uasset" 556
"../../../Engine/Plugins/Runtime/Oculus/OculusVR/Content/Materials/OculusMR_OpaqueColoredMaterial.uexp" 557
"../../../Engine/Plugins/Runtime/Oculus/OculusVR/Content/Materials/PokeAHoleMaterial.uasset" 558
"../../../Engine/Plugins/Runtime/Oculus/OculusVR/Content/Materials/PokeAHoleMaterial.uexp" 559
"C:/Users/user/Documents/Unreal Projects/PieContract/Content/Import/Spikes.uasset" 560
"C:/Users/user/Documents/Unreal Projects/PieContract/Content/Import/Spikes.uexp" 561
"C:/Users/user/Documents/Unreal Projects/PieContract/Content/Import/Icopshperes.uasset" 562
"C:/Users/user/Documents/Unreal Projects/PieContract/Content/Import/Icopshperes.uexp" 563
"C:/Users/user/Documents/Unreal Projects/PieContract/Content/Import/Cylinder.uasset" 564
"C:/Users/user/Documents/Unreal Projects/PieContract/Content/Import/Cylinder.uexp" 565
"C:/Users/user/Documents/Unreal Projects/PieContract/Content/Import/Tunnel3.uasset" 566
"C:/Users/user/Documents/Unreal Projects/PieContract/Content/Import/Tunnel3.uexp" 567
"C:/Users/user/Documents/Unreal Projects/PieContract/Content/Import/Tunnel3.ubulk" 568
"C:/Users/user/Documents/Unreal Projects/PieContract/Content/Import/Icospheres.uasset" 569
"C:/Users/user/Documents/Unreal Projects/PieContract/Content/Import/Icospheres.uexp" 570
"C:/Users/user/Documents/Unreal Projects/PieContract/Content/Import/Tunnel1.uasset" 571
"C:/Users/user/Documents/Unreal Projects/PieContract/Content/Import/Tunnel1.uexp" 572
"C:/Users/user/Documents/Unreal Projects/PieContract/Content/Import/Tunnel1.ubulk" 573
"C:/Users/user/Documents/Unreal Projects/PieContract/Content/Import/Spikes_001.uasset" 574
"C:/Users/user/Documents/Unreal Projects/PieContract/Content/Import/Spikes_001.uexp" 575
"C:/Users/user/Documents/Unreal Projects/PieContract/Content/Import/Tunnel2.uasset" 576
"C:/Users/user/Documents/Unreal Projects/PieContract/Content/Import/Tunnel2.uexp" 577
"C:/Users/user/Documents/Unreal Projects/PieContract/Content/Import/Tunnel2.ubulk" 578
"C:/Users/user/Documents/Unreal Projects/PieContract/Content/Import/Floor.uasset" 579
"C:/Users/user/Documents/Unreal Projects/PieContract/Content/Import/Floor.uexp" 580
"C:/Users/user/Documents/Unreal Projects/PieContract/Content/Import/Spheres.uasset" 581
"C:/Users/user/Documents/Unreal Projects/PieContract/Content/Import/Spheres.uexp" 582
"C:/Users/user/Documents/Unreal Projects/PieContract/Content/Import/Cubes.uasset" 583
"C:/Users/user/Documents/Unreal Projects/PieContract/Content/Import/Cubes.uexp" 584
"C:/Users/user/Documents/Unreal Projects/PieContract/Content/Import/Dimension-vol1-Final.uasset" 585
"C:/Users/user/Documents/Unreal Projects/PieContract/Content/Import/Dimension-vol1-Final.uexp" 586
"C:/Users/user/Documents/Unreal Projects/PieContract/Content/Import/Dimension-vol1-Final.ubulk" 587
"C:/Users/user/Documents/Unreal Projects/PieContract/Content/VRTemplate/Materials/M_VRCursor.uasset" 588
"C:/Users/user/Documents/Unreal Projects/PieContract/Content/VRTemplate/Materials/M_VRCursor.uexp" 589
"C:/Users/user/Documents/Unreal Projects/PieContract/Content/VRTemplate/Blueprints/WidgetMenu.uasset" 590
"C:/Users/user/Documents/Unreal Projects/PieContract/Content/VRTemplate/Blueprints/WidgetMenu.uexp" 591
"C:/Users/user/Documents/Unreal Projects/PieContract/Content/VRTemplate/Blueprints/Menu.uasset" 592
"C:/Users/user/Documents/Unreal Projects/PieContract/Content/VRTemplate/Blueprints/Menu.uexp" 593
"../../../Engine/Content/EngineMaterials/Good64x64TilingNoiseHighFreq.uasset" 594
"../../../Engine/Content/EngineMaterials/Good64x64TilingNoiseHighFreq.uexp" 595
"../../../Engine/Content/Functions/Engine_MaterialFunctions02/Utility/DepthFromWorldPosition.uasset" 596
"../../../Engine/Content/Functions/Engine_MaterialFunctions02/Utility/DepthFromWorldPosition.uexp" 597
"C:/Users/user/Documents/Unreal Projects/PieContract/Content/VRTemplate/Materials/Functions/MF_OccludedPixels.uasset" 598
"C:/Users/user/Documents/Unreal Projects/PieContract/Content/VRTemplate/Materials/Functions/MF_OccludedPixels.uexp" 599
"C:/Users/user/Documents/Unreal Projects/PieContract/Content/VRTemplate/Materials/TeleportMCP.uasset" 600
"C:/Users/user/Documents/Unreal Projects/PieContract/Content/VRTemplate/Materials/TeleportMCP.uexp" 601
"C:/Users/user/Documents/Unreal Projects/PieContract/Content/VRTemplate/Materials/M_TeleportPreviews.uasset" 602
"C:/Users/user/Documents/Unreal Projects/PieContract/Content/VRTemplate/Materials/M_TeleportPreviews.uexp" 603
"C:/Users/user/Documents/Unreal Projects/PieContract/Content/VRTemplate/Materials/MI_TeleportCylinderPreview.uasset" 604
"C:/Users/user/Documents/Unreal Projects/PieContract/Content/VRTemplate/Materials/MI_TeleportCylinderPreview.uexp" 605
"C:/Users/user/Documents/Unreal Projects/PieContract/Content/VRTemplate/Meshes/SM_TeleportRing.uasset" 606
"C:/Users/user/Documents/Unreal Projects/PieContract/Content/VRTemplate/Meshes/SM_TeleportRing.uexp" 607
"C:/Users/user/Documents/Unreal Projects/PieContract/Content/VRTemplate/Meshes/SM_TeleportRing.ubulk" 608
"C:/Users/user/Documents/Unreal Projects/PieContract/Content/VRTemplate/Blueprints/VRTeleportVisualizer.uasset" 609
"C:/Users/user/Documents/Unreal Projects/PieContract/Content/VRTemplate/Blueprints/VRTeleportVisualizer.uexp" 610
"../../../Engine/Plugins/FX/Niagara/Content/Functions/System/SystemChangeState.uasset" 611
"../../../Engine/Plugins/FX/Niagara/Content/Functions/System/SystemChangeState.uexp" 612
"../../../Engine/Plugins/FX/Niagara/Content/Enums/ENiagara_EmitterStateOptions.uasset" 613
"../../../Engine/Plugins/FX/Niagara/Content/Enums/ENiagara_EmitterStateOptions.uexp" 614
"../../../Engine/Plugins/FX/Niagara/Content/Enums/ENiagaraSystemInactiveMode.uasset" 615
"../../../Engine/Plugins/FX/Niagara/Content/Enums/ENiagaraSystemInactiveMode.uexp" 616
"../../../Engine/Plugins/FX/Niagara/Content/Modules/System/SystemState.uasset" 617
"../../../Engine/Plugins/FX/Niagara/Content/Modules/System/SystemState.uexp" 618
"../../../Engine/Plugins/FX/Niagara/Content/Modules/Update/Color/Color.uasset" 619
"../../../Engine/Plugins/FX/Niagara/Content/Modules/Update/Color/Color.uexp" 620
"../../../Engine/Plugins/FX/Niagara/Content/Modules/Update/Lifetime/ParticleState.uasset" 621
"../../../Engine/Plugins/FX/Niagara/Content/Modules/Update/Lifetime/ParticleState.uexp" 622
"../../../Engine/Plugins/FX/Niagara/Content/Enums/ENiagara_InfiniteLoopDuration.uasset" 623
"../../../Engine/Plugins/FX/Niagara/Content/Enums/ENiagara_InfiniteLoopDuration.uexp" 624
"../../../Engine/Plugins/FX/Niagara/Content/Enums/ENiagaraEmitterLifeCycleMode.uasset" 625
"../../../Engine/Plugins/FX/Niagara/Content/Enums/ENiagaraEmitterLifeCycleMode.uexp" 626
"../../../Engine/Plugins/FX/Niagara/Content/Enums/ENiagaraEmitterScalabilityMode_Limited.uasset" 627
"../../../Engine/Plugins/FX/Niagara/Content/Enums/ENiagaraEmitterScalabilityMode_Limited.uexp" 628
"../../../Engine/Plugins/FX/Niagara/Content/Enums/ENiagaraInactiveMode.uasset" 629
"../../../Engine/Plugins/FX/Niagara/Content/Enums/ENiagaraInactiveMode.uexp" 630
"C:/Users/user/Documents/Unreal Projects/PieContract/Content/VRTemplate/Materials/DefaultRibbonMaterial_NoGradient.uasset" 631
"C:/Users/user/Documents/Unreal Projects/PieContract/Content/VRTemplate/Materials/DefaultRibbonMaterial_NoGradient.uexp" 632
"../../../Engine/Plugins/FX/Niagara/Content/DynamicInputs/Helpers/SimulationPosition.uasset" 633
"../../../Engine/Plugins/FX/Niagara/Content/DynamicInputs/Helpers/SimulationPosition.uexp" 634
"../../../Engine/Plugins/FX/Niagara/Content/DynamicInputs/Multiply/Multiply_VectorByFloat.uasset" 635
"../../../Engine/Plugins/FX/Niagara/Content/DynamicInputs/Multiply/Multiply_VectorByFloat.uexp" 636
"../../../Engine/Plugins/FX/Niagara/Content/DynamicInputs/ValueFromCurve/ColorFromCurve.uasset" 637
"../../../Engine/Plugins/FX/Niagara/Content/DynamicInputs/ValueFromCurve/ColorFromCurve.uexp" 638
"../../../Engine/Plugins/FX/Niagara/Content/DynamicInputs/ValueFromCurve/FloatFromCurve.uasset" 639
"../../../Engine/Plugins/FX/Niagara/Content/DynamicInputs/ValueFromCurve/FloatFromCurve.uexp" 640
"../../../Engine/Plugins/FX/Niagara/Content/Functions/Localspace/SimulationPosition.uasset" 641
"../../../Engine/Plugins/FX/Niagara/Content/Functions/Localspace/SimulationPosition.uexp" 642
"../../../Engine/Plugins/FX/Niagara/Content/Functions/DirectionAndLengthSafe.uasset" 643
"../../../Engine/Plugins/FX/Niagara/Content/Functions/DirectionAndLengthSafe.uexp" 644
"../../../Engine/Plugins/FX/Niagara/Content/Enums/ENiagaraCoordinateSpace.uasset" 645
"../../../Engine/Plugins/FX/Niagara/Content/Enums/ENiagaraCoordinateSpace.uexp" 646
"../../../Engine/Plugins/FX/Niagara/Content/Functions/Localspace/TransformBase.uasset" 647
"../../../Engine/Plugins/FX/Niagara/Content/Functions/Localspace/TransformBase.uexp" 648
"../../../Engine/Plugins/FX/Niagara/Content/Functions/Localspace/TransformPosition.uasset" 649
"../../../Engine/Plugins/FX/Niagara/Content/Functions/Localspace/TransformPosition.uexp" 650
"../../../Engine/Plugins/FX/Niagara/Content/Functions/Localspace/TransformVector.uasset" 651
"../../../Engine/Plugins/FX/Niagara/Content/Functions/Localspace/TransformVector.uexp" 652
"../../../Engine/Plugins/FX/Niagara/Content/Modules/Beams/BeamEmitterSetup.uasset" 653
"../../../Engine/Plugins/FX/Niagara/Content/Modules/Beams/BeamEmitterSetup.uexp" 654
"../../../Engine/Plugins/FX/Niagara/Content/Modules/Beams/BeamWidth.uasset" 655
"../../../Engine/Plugins/FX/Niagara/Content/Modules/Beams/BeamWidth.uexp" 656
"../../../Engine/Plugins/FX/Niagara/Content/Functions/Spline/FindPositionOnBezierSpline.uasset" 657
"../../../Engine/Plugins/FX/Niagara/Content/Functions/Spline/FindPositionOnBezierSpline.uexp" 658
"../../../Engine/Plugins/FX/Niagara/Content/Functions/NormalizedExecutionIndex.uasset" 659
"../../../Engine/Plugins/FX/Niagara/Content/Functions/NormalizedExecutionIndex.uexp" 660
"../../../Engine/Plugins/FX/Niagara/Content/Modules/Beams/SpawnBeam.uasset" 661
"../../../Engine/Plugins/FX/Niagara/Content/Modules/Beams/SpawnBeam.uexp" 662
"../../../Engine/Plugins/FX/Niagara/Content/Enums/ENiagaraExecutionStateManagement.uasset" 663
"../../../Engine/Plugins/FX/Niagara/Content/Enums/ENiagaraExecutionStateManagement.uexp" 664
"../../../Engine/Plugins/FX/Niagara/Content/Functions/Emitter/EmitterChangeState.uasset" 665
"../../../Engine/Plugins/FX/Niagara/Content/Functions/Emitter/EmitterChangeState.uexp" 666
"../../../Engine/Plugins/FX/Niagara/Content/Modules/Emitter/EmitterState.uasset" 667
"../../../Engine/Plugins/FX/Niagara/Content/Modules/Emitter/EmitterState.uexp" 668
"../../../Engine/Plugins/FX/Niagara/Content/Enums/ENiagaraRandomnessEvaluation.uasset" 669
"../../../Engine/Plugins/FX/Niagara/Content/Enums/ENiagaraRandomnessEvaluation.uexp" 670
"../../../Engine/Plugins/FX/Niagara/Content/Enums/ENiagaraRandomnessMode.uasset" 671
"../../../Engine/Plugins/FX/Niagara/Content/Enums/ENiagaraRandomnessMode.uexp" 672
"../../../Engine/Plugins/FX/Niagara/Content/Functions/V2/CalculateRandomRangeFloat.uasset" 673
"../../../Engine/Plugins/FX/Niagara/Content/Functions/V2/CalculateRandomRangeFloat.uexp" 674
"../../../Engine/Plugins/FX/Niagara/Content/Modules/Emitter/SpawnBurst_Instantaneous.uasset" 675
"../../../Engine/Plugins/FX/Niagara/Content/Modules/Emitter/SpawnBurst_Instantaneous.uexp" 676
"../../../Engine/Plugins/FX/Niagara/Content/Modules/Solvers/SolveForcesAndVelocity.uasset" 677
"../../../Engine/Plugins/FX/Niagara/Content/Modules/Solvers/SolveForcesAndVelocity.uexp" 678
"../../../Engine/Plugins/FX/Niagara/Content/Functions/GetRandomInfo.uasset" 679
"../../../Engine/Plugins/FX/Niagara/Content/Functions/GetRandomInfo.uexp" 680
"../../../Engine/Plugins/FX/Niagara/Content/Functions/RandomRangeFloat.uasset" 681
"../../../Engine/Plugins/FX/Niagara/Content/Functions/RandomRangeFloat.uexp" 682
"../../../Engine/Plugins/FX/Niagara/Content/Modules/Spawn/Initialization/InitializeParticle.uasset" 683
"../../../Engine/Plugins/FX/Niagara/Content/Modules/Spawn/Initialization/InitializeParticle.uexp" 684
"C:/Users/user/Documents/Unreal Projects/PieContract/Content/VRTemplate/VFX/NS_TeleportTrace.uasset" 685
"C:/Users/user/Documents/Unreal Projects/PieContract/Content/VRTemplate/VFX/NS_TeleportTrace.uexp" 686
"../../../Engine/Content/VREditor/Devices/Vive/VivePreController_MasksB.uasset" 687
"../../../Engine/Content/VREditor/Devices/Vive/VivePreController_MasksB.uexp" 688
"../../../Engine/Content/VREditor/Devices/Vive/VivePreController_MasksB.ubulk" 689
"../../../Engine/Content/VREditor/Devices/Vive/T_VivePreController_EM.uasset" 690
"../../../Engine/Content/VREditor/Devices/Vive/T_VivePreController_EM.uexp" 691
"../../../Engine/Content/VREditor/Devices/Vive/VivePreControllerDiffuse.uasset" 692
"../../../Engine/Content/VREditor/Devices/Vive/VivePreControllerDiffuse.uexp" 693
"../../../Engine/Content/VREditor/Devices/Vive/VivePreControllerDiffuse.ubulk" 694
"../../../Engine/Content/VREditor/Devices/Vive/VivePreController_MasksA.uasset" 695
"../../../Engine/Content/VREditor/Devices/Vive/VivePreController_MasksA.uexp" 696
"../../../Engine/Content/VREditor/Devices/Vive/VivePreController_MasksA.ubulk" 697
"../../../Engine/Content/VREditor/Devices/Vive/VivePreControllerSpec.uasset" 698
"../../../Engine/Content/VREditor/Devices/Vive/VivePreControllerSpec.uexp" 699
"../../../Engine/Content/VREditor/Devices/Vive/VivePreControllerSpec.ubulk" 700
"../../../Engine/Content/VREditor/Devices/Vive/VivePreControllerMaterial.uasset" 701
"../../../Engine/Content/VREditor/Devices/Vive/VivePreControllerMaterial.uexp" 702
"../../../Engine/Content/VREditor/Devices/Vive/VivePreControllerMaterial_Inst.uasset" 703
"../../../Engine/Content/VREditor/Devices/Vive/VivePreControllerMaterial_Inst.uexp" 704
"../../../Engine/Content/VREditor/Devices/Vive/VivePreControllerMesh.uasset" 705
"../../../Engine/Content/VREditor/Devices/Vive/VivePreControllerMesh.uexp" 706
"../../../Engine/Content/VREditor/Devices/Vive/VivePreControllerMesh.ubulk" 707
"C:/Users/user/Documents/Unreal Projects/PieContract/Content/VRTemplate/Blueprints/VRPawn.uasset" 708
"C:/Users/user/Documents/Unreal Projects/PieContract/Content/VRTemplate/Blueprints/VRPawn.uexp" 709
"C:/Users/user/Documents/Unreal Projects/PieContract/Content/VRTemplate/Blueprints/VRGameMode.uasset" 710
"C:/Users/user/Documents/Unreal Projects/PieContract/Content/VRTemplate/Blueprints/VRGameMode.uexp" 711
"C:/Users/user/Documents/Unreal Projects/PieContract/Content/VRTemplate/Maps/PieContractMap_BuiltData.uasset" 712
"C:/Users/user/Documents/Unreal Projects/PieContract/Content/VRTemplate/Maps/PieContractMap_BuiltData.uexp" 713
"C:/Users/user/Documents/Unreal Projects/PieContract/Content/VRTemplate/Maps/PieContractMap_BuiltData.ubulk" 714
"C:/Users/user/Documents/Unreal Projects/PieContract/Content/VRTemplate/Maps/PieContractMap.uexp" 715
"C:/Users/user/Documents/Unreal Projects/PieContract/Content/VRTemplate/Maps/PieContractMap.umap" 716
"../../../Engine/Content/Maps/Entry_BuiltData.uasset" 717
"../../../Engine/Content/Maps/Entry_BuiltData.uexp" 718
"../../../Engine/Content/Maps/Entry.uexp" 719
"../../../Engine/Content/Maps/Entry.umap" 720
